{"timestamp":"2026-06-19T00:28:46.192902Z","level":"info","event":"DAG bundles loaded: dags-folder, example_dags","logger":"airflow.dag_processing.bundles.manager.DagBundlesManager","filename":"manager.py","lineno":179}
{"timestamp":"2026-06-19T00:28:46.198662Z","level":"info","event":"Filling up the DagBag from /opt/airflow/dags/nutricao_feminina_pipeline.py","logger":"airflow.models.dagbag.BundleDagBag","filename":"dagbag.py","lineno":593}
{"timestamp":"2026-06-19T00:28:46.351543Z","level":"info","event":"Task instance is in running state","logger":"task.stdout"}
{"timestamp":"2026-06-19T00:28:46.352068Z","level":"info","event":" Previous state of the Task instance: TaskInstanceState.QUEUED","logger":"task.stdout"}
{"timestamp":"2026-06-19T00:28:46.354804Z","level":"info","event":"Current task name:extract_edamam_to_bronze","logger":"task.stdout"}
{"timestamp":"2026-06-19T00:28:46.355285Z","level":"info","event":"Dag name:nutricao_feminina_medalhao","logger":"task.stdout"}
{"timestamp":"2026-06-19T00:28:46.353522Z","level":"info","event":"Tmp dir root location: /tmp","logger":"airflow.task.hooks.airflow.providers.standard.hooks.subprocess.SubprocessHook","filename":"subprocess.py","lineno":78}
{"timestamp":"2026-06-19T00:28:46.356807Z","level":"info","event":"Running command: ['/usr/bin/bash', '-c', 'python /opt/airflow/src/apify_extract.py']","logger":"airflow.task.hooks.airflow.providers.standard.hooks.subprocess.SubprocessHook","filename":"subprocess.py","lineno":80}
{"timestamp":"2026-06-19T00:28:46.358776Z","level":"info","event":"Output:","logger":"airflow.task.hooks.airflow.providers.standard.hooks.subprocess.SubprocessHook","filename":"subprocess.py","lineno":92}
{"timestamp":"2026-06-19T00:29:18.016039Z","level":"info","event":"Iniciando ingestão Bronze (10 itens)","logger":"airflow.task.hooks.airflow.providers.standard.hooks.subprocess.SubprocessHook","filename":"subprocess.py","lineno":99}
{"timestamp":"2026-06-19T00:29:18.016574Z","level":"info","event":"100g avocado salvo na Bronze.","logger":"airflow.task.hooks.airflow.providers.standard.hooks.subprocess.SubprocessHook","filename":"subprocess.py","lineno":99}
{"timestamp":"2026-06-19T00:29:18.016686Z","level":"info","event":"100g spinach salvo na Bronze.","logger":"airflow.task.hooks.airflow.providers.standard.hooks.subprocess.SubprocessHook","filename":"subprocess.py","lineno":99}
{"timestamp":"2026-06-19T00:29:18.016745Z","level":"info","event":"100g salmon salvo na Bronze.","logger":"airflow.task.hooks.airflow.providers.standard.hooks.subprocess.SubprocessHook","filename":"subprocess.py","lineno":99}
{"timestamp":"2026-06-19T00:29:18.016796Z","level":"info","event":"100g pumpkin seeds salvo na Bronze.","logger":"airflow.task.hooks.airflow.providers.standard.hooks.subprocess.SubprocessHook","filename":"subprocess.py","lineno":99}
{"timestamp":"2026-06-19T00:29:18.016848Z","level":"info","event":"30g dark chocolate salvo na Bronze.","logger":"airflow.task.hooks.airflow.providers.standard.hooks.subprocess.SubprocessHook","filename":"subprocess.py","lineno":99}
{"timestamp":"2026-06-19T00:29:18.016897Z","level":"info","event":"2 eggs salvo na Bronze.","logger":"airflow.task.hooks.airflow.providers.standard.hooks.subprocess.SubprocessHook","filename":"subprocess.py","lineno":99}
{"timestamp":"2026-06-19T00:29:18.016950Z","level":"info","event":"100g lentils salvo na Bronze.","logger":"airflow.task.hooks.airflow.providers.standard.hooks.subprocess.SubprocessHook","filename":"subprocess.py","lineno":99}
{"timestamp":"2026-06-19T00:29:18.016996Z","level":"info","event":"100g kale salvo na Bronze.","logger":"airflow.task.hooks.airflow.providers.standard.hooks.subprocess.SubprocessHook","filename":"subprocess.py","lineno":99}
{"timestamp":"2026-06-19T00:29:18.017042Z","level":"info","event":"100g walnuts salvo na Bronze.","logger":"airflow.task.hooks.airflow.providers.standard.hooks.subprocess.SubprocessHook","filename":"subprocess.py","lineno":99}
{"timestamp":"2026-06-19T00:29:18.017087Z","level":"info","event":"100g red meat salvo na Bronze.","logger":"airflow.task.hooks.airflow.providers.standard.hooks.subprocess.SubprocessHook","filename":"subprocess.py","lineno":99}
{"timestamp":"2026-06-19T00:29:18.017132Z","level":"info","event":"Camada Bronze populada.","logger":"airflow.task.hooks.airflow.providers.standard.hooks.subprocess.SubprocessHook","filename":"subprocess.py","lineno":99}
{"timestamp":"2026-06-19T00:29:18.147585Z","level":"info","event":"Command exited with return code 0","logger":"airflow.task.hooks.airflow.providers.standard.hooks.subprocess.SubprocessHook","filename":"subprocess.py","lineno":103}
{"timestamp":"2026-06-19T00:29:18.149891Z","level":"info","event":"Pushing xcom","ti":"RuntimeTaskInstance(id=UUID('019edd47-a044-7af9-a280-31278f7833ec'), task_id='extract_edamam_to_bronze', dag_id='nutricao_feminina_medalhao', run_id='manual__2026-06-19T00:28:39.312782+00:00', try_number=1, dag_version_id=UUID('019edbc0-969f-7e5e-a3bb-e67dd2c934d6'), map_index=-1, hostname='abc36435b45d', context_carrier={}, task=<Task(BashOperator): extract_edamam_to_bronze>, bundle_instance=LocalDagBundle(name=dags-folder), max_tries=1, start_date=datetime.datetime(2026, 6, 19, 0, 28, 41, 265327, tzinfo=datetime.timezone.utc), end_date=None, state=<TaskInstanceState.RUNNING: 'running'>, is_mapped=False, rendered_map_index=None)","logger":"task","filename":"task_runner.py","lineno":1522}
{"timestamp":"2026-06-19T00:29:18.209625Z","level":"info","event":"Task instance in success state","logger":"task.stdout"}
{"timestamp":"2026-06-19T00:29:18.210317Z","level":"info","event":" Previous state of the Task instance: TaskInstanceState.RUNNING","logger":"task.stdout"}
{"timestamp":"2026-06-19T00:29:18.211223Z","level":"info","event":"Task operator:<Task(BashOperator): extract_edamam_to_bronze>","logger":"task.stdout"}
