{"timestamp":"2026-06-19T00:29:22.455457Z","level":"info","event":"DAG bundles loaded: dags-folder, example_dags","logger":"airflow.dag_processing.bundles.manager.DagBundlesManager","filename":"manager.py","lineno":179}
{"timestamp":"2026-06-19T00:29:22.458275Z","level":"info","event":"Filling up the DagBag from /opt/airflow/dags/nutricao_feminina_pipeline.py","logger":"airflow.models.dagbag.BundleDagBag","filename":"dagbag.py","lineno":593}
{"timestamp":"2026-06-19T00:29:22.505524Z","level":"info","event":"Task instance is in running state","logger":"task.stdout"}
{"timestamp":"2026-06-19T00:29:22.506087Z","level":"info","event":" Previous state of the Task instance: TaskInstanceState.QUEUED","logger":"task.stdout"}
{"timestamp":"2026-06-19T00:29:22.509443Z","level":"info","event":"Current task name:dbt_run_silver_to_gold","logger":"task.stdout"}
{"timestamp":"2026-06-19T00:29:22.510147Z","level":"info","event":"Dag name:nutricao_feminina_medalhao","logger":"task.stdout"}
{"timestamp":"2026-06-19T00:29:22.506457Z","level":"info","event":"Tmp dir root location: /tmp","logger":"airflow.task.hooks.airflow.providers.standard.hooks.subprocess.SubprocessHook","filename":"subprocess.py","lineno":78}
{"timestamp":"2026-06-19T00:29:22.508411Z","level":"info","event":"Running command: ['/usr/bin/bash', '-c', 'cd /opt/airflow/dbt_projeto && dbt run --profiles-dir .']","logger":"airflow.task.hooks.airflow.providers.standard.hooks.subprocess.SubprocessHook","filename":"subprocess.py","lineno":80}
{"timestamp":"2026-06-19T00:29:22.509608Z","level":"info","event":"Output:","logger":"airflow.task.hooks.airflow.providers.standard.hooks.subprocess.SubprocessHook","filename":"subprocess.py","lineno":92}
{"timestamp":"2026-06-19T00:29:26.387341Z","level":"info","event":"\u001b[0m00:29:26  Running with dbt=1.11.11","logger":"airflow.task.hooks.airflow.providers.standard.hooks.subprocess.SubprocessHook","filename":"subprocess.py","lineno":99}
{"timestamp":"2026-06-19T00:29:27.216414Z","level":"info","event":"\u001b[0m00:29:27  Registered adapter: duckdb=1.10.1","logger":"airflow.task.hooks.airflow.providers.standard.hooks.subprocess.SubprocessHook","filename":"subprocess.py","lineno":99}
{"timestamp":"2026-06-19T00:29:28.174580Z","level":"info","event":"\u001b[0m00:29:28  Found 4 models, 3 operations, 19 data tests, 486 macros","logger":"airflow.task.hooks.airflow.providers.standard.hooks.subprocess.SubprocessHook","filename":"subprocess.py","lineno":99}
{"timestamp":"2026-06-19T00:29:28.179867Z","level":"info","event":"\u001b[0m00:29:28","logger":"airflow.task.hooks.airflow.providers.standard.hooks.subprocess.SubprocessHook","filename":"subprocess.py","lineno":99}
{"timestamp":"2026-06-19T00:29:28.181031Z","level":"info","event":"\u001b[0m00:29:28  Concurrency: 1 threads (target='dev')","logger":"airflow.task.hooks.airflow.providers.standard.hooks.subprocess.SubprocessHook","filename":"subprocess.py","lineno":99}
{"timestamp":"2026-06-19T00:29:28.182246Z","level":"info","event":"\u001b[0m00:29:28","logger":"airflow.task.hooks.airflow.providers.standard.hooks.subprocess.SubprocessHook","filename":"subprocess.py","lineno":99}
{"timestamp":"2026-06-19T00:29:28.504049Z","level":"info","event":"\u001b[0m00:29:28  1 of 3 START hook: nutricao_feminina.on-run-start.0 ............................ [RUN]","logger":"airflow.task.hooks.airflow.providers.standard.hooks.subprocess.SubprocessHook","filename":"subprocess.py","lineno":99}
{"timestamp":"2026-06-19T00:29:30.047579Z","level":"info","event":"\u001b[0m00:29:30  1 of 3 OK hook: nutricao_feminina.on-run-start.0 ............................... [\u001b[32mOK\u001b[0m in 1.57s]","logger":"airflow.task.hooks.airflow.providers.standard.hooks.subprocess.SubprocessHook","filename":"subprocess.py","lineno":99}
{"timestamp":"2026-06-19T00:29:30.068306Z","level":"info","event":"\u001b[0m00:29:30  2 of 3 START hook: nutricao_feminina.on-run-start.1 ............................ [RUN]","logger":"airflow.task.hooks.airflow.providers.standard.hooks.subprocess.SubprocessHook","filename":"subprocess.py","lineno":99}
{"timestamp":"2026-06-19T00:29:30.097850Z","level":"info","event":"\u001b[0m00:29:30  2 of 3 OK hook: nutricao_feminina.on-run-start.1 ............................... [\u001b[32mOK\u001b[0m in 0.05s]","logger":"airflow.task.hooks.airflow.providers.standard.hooks.subprocess.SubprocessHook","filename":"subprocess.py","lineno":99}
{"timestamp":"2026-06-19T00:29:30.118127Z","level":"info","event":"\u001b[0m00:29:30  3 of 3 START hook: nutricao_feminina.on-run-start.2 ............................ [RUN]","logger":"airflow.task.hooks.airflow.providers.standard.hooks.subprocess.SubprocessHook","filename":"subprocess.py","lineno":99}
{"timestamp":"2026-06-19T00:29:30.125612Z","level":"info","event":"\u001b[0m00:29:30  3 of 3 OK hook: nutricao_feminina.on-run-start.2 ............................... [\u001b[32mOK\u001b[0m in 0.03s]","logger":"airflow.task.hooks.airflow.providers.standard.hooks.subprocess.SubprocessHook","filename":"subprocess.py","lineno":99}
{"timestamp":"2026-06-19T00:29:30.126654Z","level":"info","event":"\u001b[0m00:29:30","logger":"airflow.task.hooks.airflow.providers.standard.hooks.subprocess.SubprocessHook","filename":"subprocess.py","lineno":99}
{"timestamp":"2026-06-19T00:29:30.136942Z","level":"info","event":"\u001b[0m00:29:30  1 of 4 START sql view model main.stg_fases_ciclo ............................... [RUN]","logger":"airflow.task.hooks.airflow.providers.standard.hooks.subprocess.SubprocessHook","filename":"subprocess.py","lineno":99}
{"timestamp":"2026-06-19T00:29:30.443216Z","level":"info","event":"\u001b[0m00:29:30  1 of 4 OK created sql view model main.stg_fases_ciclo .......................... [\u001b[32mOK\u001b[0m in 0.30s]","logger":"airflow.task.hooks.airflow.providers.standard.hooks.subprocess.SubprocessHook","filename":"subprocess.py","lineno":99}
{"timestamp":"2026-06-19T00:29:30.447973Z","level":"info","event":"\u001b[0m00:29:30  2 of 4 START sql view model main.stg_nutricao_alimentos ........................ [RUN]","logger":"airflow.task.hooks.airflow.providers.standard.hooks.subprocess.SubprocessHook","filename":"subprocess.py","lineno":99}
{"timestamp":"2026-06-19T00:29:30.616722Z","level":"info","event":"\u001b[0m00:29:30  2 of 4 OK created sql view model main.stg_nutricao_alimentos ................... [\u001b[32mOK\u001b[0m in 0.17s]","logger":"airflow.task.hooks.airflow.providers.standard.hooks.subprocess.SubprocessHook","filename":"subprocess.py","lineno":99}
{"timestamp":"2026-06-19T00:29:30.621029Z","level":"info","event":"\u001b[0m00:29:30  3 of 4 START sql view model main.int_recomendacoes_por_fase .................... [RUN]","logger":"airflow.task.hooks.airflow.providers.standard.hooks.subprocess.SubprocessHook","filename":"subprocess.py","lineno":99}
{"timestamp":"2026-06-19T00:29:30.785512Z","level":"info","event":"\u001b[0m00:29:30  3 of 4 OK created sql view model main.int_recomendacoes_por_fase ............... [\u001b[32mOK\u001b[0m in 0.16s]","logger":"airflow.task.hooks.airflow.providers.standard.hooks.subprocess.SubprocessHook","filename":"subprocess.py","lineno":99}
{"timestamp":"2026-06-19T00:29:30.792454Z","level":"info","event":"\u001b[0m00:29:30  4 of 4 START sql table model main.gold_recomendacoes_ciclo ..................... [RUN]","logger":"airflow.task.hooks.airflow.providers.standard.hooks.subprocess.SubprocessHook","filename":"subprocess.py","lineno":99}
{"timestamp":"2026-06-19T00:29:31.020234Z","level":"info","event":"\u001b[0m00:29:31  4 of 4 OK created sql table model main.gold_recomendacoes_ciclo ................ [\u001b[32mOK\u001b[0m in 0.22s]","logger":"airflow.task.hooks.airflow.providers.standard.hooks.subprocess.SubprocessHook","filename":"subprocess.py","lineno":99}
{"timestamp":"2026-06-19T00:29:31.041782Z","level":"info","event":"\u001b[0m00:29:31","logger":"airflow.task.hooks.airflow.providers.standard.hooks.subprocess.SubprocessHook","filename":"subprocess.py","lineno":99}
{"timestamp":"2026-06-19T00:29:31.042881Z","level":"info","event":"\u001b[0m00:29:31  Finished running 3 project hooks, 1 table model, 3 view models in 0 hours 0 minutes and 2.86 seconds (2.86s).","logger":"airflow.task.hooks.airflow.providers.standard.hooks.subprocess.SubprocessHook","filename":"subprocess.py","lineno":99}
{"timestamp":"2026-06-19T00:29:31.158815Z","level":"info","event":"\u001b[0m00:29:31","logger":"airflow.task.hooks.airflow.providers.standard.hooks.subprocess.SubprocessHook","filename":"subprocess.py","lineno":99}
{"timestamp":"2026-06-19T00:29:31.160098Z","level":"info","event":"\u001b[0m00:29:31  \u001b[32mCompleted successfully\u001b[0m","logger":"airflow.task.hooks.airflow.providers.standard.hooks.subprocess.SubprocessHook","filename":"subprocess.py","lineno":99}
{"timestamp":"2026-06-19T00:29:31.161093Z","level":"info","event":"\u001b[0m00:29:31","logger":"airflow.task.hooks.airflow.providers.standard.hooks.subprocess.SubprocessHook","filename":"subprocess.py","lineno":99}
{"timestamp":"2026-06-19T00:29:31.162068Z","level":"info","event":"\u001b[0m00:29:31  Done. PASS=7 WARN=0 ERROR=0 SKIP=0 NO-OP=0 TOTAL=7","logger":"airflow.task.hooks.airflow.providers.standard.hooks.subprocess.SubprocessHook","filename":"subprocess.py","lineno":99}
{"timestamp":"2026-06-19T00:29:32.488630Z","level":"info","event":"Command exited with return code 0","logger":"airflow.task.hooks.airflow.providers.standard.hooks.subprocess.SubprocessHook","filename":"subprocess.py","lineno":103}
{"timestamp":"2026-06-19T00:29:32.489702Z","level":"info","event":"Pushing xcom","ti":"RuntimeTaskInstance(id=UUID('019edd47-a046-7fd9-a4a5-dd51ff85a0c7'), task_id='dbt_run_silver_to_gold', dag_id='nutricao_feminina_medalhao', run_id='manual__2026-06-19T00:28:39.312782+00:00', try_number=1, dag_version_id=UUID('019edbc0-969f-7e5e-a3bb-e67dd2c934d6'), map_index=-1, hostname='abc36435b45d', context_carrier={}, task=<Task(BashOperator): dbt_run_silver_to_gold>, bundle_instance=LocalDagBundle(name=dags-folder), max_tries=1, start_date=datetime.datetime(2026, 6, 19, 0, 29, 22, 19155, tzinfo=datetime.timezone.utc), end_date=None, state=<TaskInstanceState.RUNNING: 'running'>, is_mapped=False, rendered_map_index=None)","logger":"task","filename":"task_runner.py","lineno":1522}
{"timestamp":"2026-06-19T00:29:32.533480Z","level":"info","event":"Task instance in success state","logger":"task.stdout"}
{"timestamp":"2026-06-19T00:29:32.534195Z","level":"info","event":" Previous state of the Task instance: TaskInstanceState.RUNNING","logger":"task.stdout"}
{"timestamp":"2026-06-19T00:29:32.534980Z","level":"info","event":"Task operator:<Task(BashOperator): dbt_run_silver_to_gold>","logger":"task.stdout"}
